<?xml version="1.0" encoding="UTF-8"?>
<!-- Generated by org.testng.reporters.JUnitReportReporter -->
<testsuite hostname="Lenovo-PC" name="unicodeTech.Module2.BestsellerLinks" tests="1" failures="0" timestamp="20 Jul 2018 10:46:48 GMT" time="14.991" errors="0">
  <testcase name="testBestsellerLinks" time="14.991" classname="unicodeTech.Module2.BestsellerLinks"/>
</testsuite> <!-- unicodeTech.Module2.BestsellerLinks -->
