<?xml version="1.0" encoding="UTF-8"?>
<!-- Generated by org.testng.reporters.JUnitReportReporter -->
<testsuite hostname="Lenovo-PC" name="unicodeTech.Module2.ManufacturerSelection" tests="1" failures="0" timestamp="20 Jul 2018 10:46:48 GMT" time="3.153" errors="0">
  <testcase name="testManufacturerSelection" time="3.153" classname="unicodeTech.Module2.ManufacturerSelection"/>
</testsuite> <!-- unicodeTech.Module2.ManufacturerSelection -->
