<?xml version="1.0" encoding="UTF-8"?>
<!-- Generated by org.testng.reporters.JUnitReportReporter -->
<testsuite hostname="Lenovo-PC" name="unicodeTech.Module1.ValidateUser" tests="3" failures="0" timestamp="20 Jul 2018 10:46:48 GMT" time="15.881" errors="0">
  <testcase name="testValidateUser" time="5.634" classname="unicodeTech.Module1.ValidateUser"/>
  <testcase name="testValidateUser" time="4.747" classname="unicodeTech.Module1.ValidateUser"/>
  <testcase name="testValidateUser" time="5.500" classname="unicodeTech.Module1.ValidateUser"/>
</testsuite> <!-- unicodeTech.Module1.ValidateUser -->
