<?xml version="1.0" encoding="UTF-8"?>
<!-- Generated by org.testng.reporters.JUnitReportReporter -->
<testsuite hostname="Lenovo-PC" name="unicodeTech.Module1.SearchTest" tests="1" failures="0" timestamp="20 Jul 2018 10:46:48 GMT" time="4.931" errors="0">
  <testcase name="testValidateUser" time="4.931" classname="unicodeTech.Module1.SearchTest"/>
</testsuite> <!-- unicodeTech.Module1.SearchTest -->
